
  .   ____          _            __ _ _
 /\\ / ___'_ __ _ _(_)_ __  __ _ \ \ \ \
( ( )\___ | '_ | '_| | '_ \/ _` | \ \ \ \
 \\/  ___)| |_)| | | | | || (_| |  ) ) ) )
  '  |____| .__|_| |_|_| |_\__, | / / / /
 =========|_|==============|___/=/_/_/_/

 :: Spring Boot ::                (v3.3.5)

2026-02-18T02:36:47.590+05:30  INFO 14416 --- [           main] com.demo.App                             : Starting App v1.0-SNAPSHOT using Java 17.0.12 with PID 14416 (C:\Users\Administrator\Desktop\Anshul\jenkinsproject\app\target\myapp-1.0-SNAPSHOT.jar started by M-PATIL$ in C:\Users\Administrator\Desktop\Anshul\jenkinsproject\app)
2026-02-18T02:36:47.594+05:30  INFO 14416 --- [           main] com.demo.App                             : No active profile set, falling back to 1 default profile: "default"
2026-02-18T02:36:49.017+05:30  INFO 14416 --- [           main] o.s.b.w.embedded.tomcat.TomcatWebServer  : Tomcat initialized with port 8081 (http)
2026-02-18T02:36:49.038+05:30  INFO 14416 --- [           main] o.apache.catalina.core.StandardService   : Starting service [Tomcat]
2026-02-18T02:36:49.039+05:30  INFO 14416 --- [           main] o.apache.catalina.core.StandardEngine    : Starting Servlet engine: [Apache Tomcat/10.1.31]
2026-02-18T02:36:49.091+05:30  INFO 14416 --- [           main] o.a.c.c.C.[Tomcat].[localhost].[/]       : Initializing Spring embedded WebApplicationContext
2026-02-18T02:36:49.091+05:30  INFO 14416 --- [           main] w.s.c.ServletWebServerApplicationContext : Root WebApplicationContext: initialization completed in 1405 ms
2026-02-18T02:36:49.625+05:30  WARN 14416 --- [           main] ConfigServletWebServerApplicationContext : Exception encountered during context initialization - cancelling refresh attempt: org.springframework.context.ApplicationContextException: Failed to start bean 'webServerStartStop'
2026-02-18T02:36:49.650+05:30  INFO 14416 --- [           main] .s.b.a.l.ConditionEvaluationReportLogger : 

Error starting ApplicationContext. To display the condition evaluation report re-run your application with 'debug' enabled.
2026-02-18T02:36:49.682+05:30 ERROR 14416 --- [           main] o.s.b.d.LoggingFailureAnalysisReporter   : 

***************************
APPLICATION FAILED TO START
***************************

Description:

Web server failed to start. Port 8081 was already in use.

Action:

Identify and stop the process that's listening on port 8081 or configure this application to listen on another port.

